<?xml version="1.0" encoding="UTF-8"?>
<!-- Generated by org.testng.reporters.JUnitReportReporter -->
<testsuite hostname="WINDOWS-HI94A5B" failures="0" tests="1" name="com.crm.autodesk.contact.CreateContactWithOrgTest" time="53.524" errors="0" timestamp="2021-12-29T23:37:12 IST" skipped="0">
  <testcase classname="com.crm.autodesk.contact.CreateContactWithOrgTest" name="createContactWithOrgTest" time="53.524"/>
  <system-out/>
</testsuite> <!-- com.crm.autodesk.contact.CreateContactWithOrgTest -->
