<?xml version="1.0" encoding="UTF-8"?>
<!-- Generated by org.testng.reporters.JUnitReportReporter -->
<testsuite hostname="WINDOWS-HI94A5B" failures="0" tests="1" name="com.crm.autodesk.contact.CreateContactTest" time="64.578" errors="0" timestamp="2021-12-30T10:42:15 IST" skipped="0">
  <testcase classname="com.crm.autodesk.contact.CreateContactTest" name="createContactTest" time="64.578"/>
  <system-out/>
</testsuite> <!-- com.crm.autodesk.contact.CreateContactTest -->
