<?xml version="1.0" encoding="UTF-8"?>
<!-- Generated by org.testng.reporters.JUnitReportReporter -->
<testsuite hostname="WINDOWS-HI94A5B" failures="0" tests="1" name="com.crm.autodesk.product.ProductFilterEditTest" time="52.772" errors="0" timestamp="2021-12-29T23:09:26 IST" skipped="0">
  <testcase classname="com.crm.autodesk.product.ProductFilterEditTest" name="productFilterEditTest" time="52.772"/>
  <system-out/>
</testsuite> <!-- com.crm.autodesk.product.ProductFilterEditTest -->
